  [1m[36m (101.9ms)[0m  [1mCREATE TABLE "schema_migrations" ("version" varchar NOT NULL) [0m
  [1m[35m (0.1ms)[0m  select sqlite_version(*)
  [1m[36m (100.3ms)[0m  [1mCREATE UNIQUE INDEX "unique_schema_migrations" ON "schema_migrations" ("version")[0m
  [1m[35mActiveRecord::SchemaMigration Load (0.2ms)[0m  SELECT "schema_migrations".* FROM "schema_migrations"
Migrating to CreateRooms (20160328175617)
  [1m[36m (0.1ms)[0m  [1mbegin transaction[0m
  [1m[35m (0.6ms)[0m  CREATE TABLE "rooms" ("id" INTEGER PRIMARY KEY AUTOINCREMENT NOT NULL, "title" varchar, "location" varchar, "description" text, "created_at" datetime NOT NULL, "updated_at" datetime NOT NULL) 
  [1m[36mSQL (0.2ms)[0m  [1mINSERT INTO "schema_migrations" ("version") VALUES (?)[0m  [["version", "20160328175617"]]
  [1m[35m (107.7ms)[0m  commit transaction
  [1m[36mActiveRecord::SchemaMigration Load (0.1ms)[0m  [1mSELECT "schema_migrations".* FROM "schema_migrations"[0m
  [1m[36mActiveRecord::SchemaMigration Load (0.1ms)[0m  [1mSELECT "schema_migrations".* FROM "schema_migrations"[0m
Migrating to CreateUsers (20160328210724)
  [1m[35m (0.1ms)[0m  begin transaction
  [1m[36m (0.3ms)[0m  [1mCREATE TABLE "users" ("id" INTEGER PRIMARY KEY AUTOINCREMENT NOT NULL, "full_name" varchar, "email" varchar, "password" varchar, "location" varchar, "bio" text, "created_at" datetime NOT NULL, "updated_at" datetime NOT NULL) [0m
  [1m[35m (0.0ms)[0m  select sqlite_version(*)
  [1m[36m (0.2ms)[0m  [1mCREATE UNIQUE INDEX "index_users_on_email" ON "users" ("email")[0m
  [1m[35mSQL (0.1ms)[0m  INSERT INTO "schema_migrations" ("version") VALUES (?)  [["version", "20160328210724"]]
  [1m[36m (134.0ms)[0m  [1mcommit transaction[0m
  [1m[35mActiveRecord::SchemaMigration Load (0.1ms)[0m  SELECT "schema_migrations".* FROM "schema_migrations"
  [1m[36m (0.1ms)[0m  [1m            SELECT sql
            FROM sqlite_master
            WHERE name='index_users_on_email' AND type='index'
            UNION ALL
            SELECT sql
            FROM sqlite_temp_master
            WHERE name='index_users_on_email' AND type='index'
[0m
  [1m[36m (0.1ms)[0m  [1mbegin transaction[0m
  [1m[35mSQL (0.3ms)[0m  INSERT INTO "users" ("email", "created_at", "updated_at") VALUES (?, ?, ?)  [["email", "admin@example.com"], ["created_at", "2016-03-28 21:14:33.432670"], ["updated_at", "2016-03-28 21:14:33.432670"]]
  [1m[36m (134.5ms)[0m  [1mcommit transaction[0m
  [1m[36m (0.3ms)[0m  [1mbegin transaction[0m
  [1m[35m (0.1ms)[0m  rollback transaction
  [1m[36m (0.1ms)[0m  [1mbegin transaction[0m
  [1m[35mSQL (0.3ms)[0m  INSERT INTO "users" ("email", "full_name", "location", "password", "created_at", "updated_at") VALUES (?, ?, ?, ?, ?, ?)  [["email", "joao@example.com"], ["full_name", "João"], ["location", "São Paulo, Brasil"], ["password", "segredo"], ["created_at", "2016-03-28 21:23:09.983640"], ["updated_at", "2016-03-28 21:23:09.983640"]]
  [1m[36m (112.3ms)[0m  [1mcommit transaction[0m


Started GET "/" for 127.0.0.1 at 2016-03-28 20:18:51 -0300
  [1m[36mActiveRecord::SchemaMigration Load (0.1ms)[0m  [1mSELECT "schema_migrations".* FROM "schema_migrations"[0m
Processing by Rails::WelcomeController#index as HTML
  Rendered /var/lib/gems/2.2.0/gems/railties-4.2.4/lib/rails/templates/rails/welcome/index.html.erb (1.4ms)
Completed 200 OK in 24ms (Views: 7.1ms | ActiveRecord: 0.0ms)


Started GET "/users/" for 127.0.0.1 at 2016-03-28 20:18:55 -0300

ActionController::RoutingError (No route matches [GET] "/users"):
  actionpack (4.2.4) lib/action_dispatch/middleware/debug_exceptions.rb:21:in `call'
  web-console (2.3.0) lib/web_console/middleware.rb:28:in `block in call'
  web-console (2.3.0) lib/web_console/middleware.rb:18:in `catch'
  web-console (2.3.0) lib/web_console/middleware.rb:18:in `call'
  actionpack (4.2.4) lib/action_dispatch/middleware/show_exceptions.rb:30:in `call'
  railties (4.2.4) lib/rails/rack/logger.rb:38:in `call_app'
  railties (4.2.4) lib/rails/rack/logger.rb:20:in `block in call'
  activesupport (4.2.4) lib/active_support/tagged_logging.rb:68:in `block in tagged'
  activesupport (4.2.4) lib/active_support/tagged_logging.rb:26:in `tagged'
  activesupport (4.2.4) lib/active_support/tagged_logging.rb:68:in `tagged'
  railties (4.2.4) lib/rails/rack/logger.rb:20:in `call'
  actionpack (4.2.4) lib/action_dispatch/middleware/request_id.rb:21:in `call'
  rack (1.6.4) lib/rack/methodoverride.rb:22:in `call'
  rack (1.6.4) lib/rack/runtime.rb:18:in `call'
  activesupport (4.2.4) lib/active_support/cache/strategy/local_cache_middleware.rb:28:in `call'
  rack (1.6.4) lib/rack/lock.rb:17:in `call'
  actionpack (4.2.4) lib/action_dispatch/middleware/static.rb:116:in `call'
  rack (1.6.4) lib/rack/sendfile.rb:113:in `call'
  railties (4.2.4) lib/rails/engine.rb:518:in `call'
  railties (4.2.4) lib/rails/application.rb:165:in `call'
  rack (1.6.4) lib/rack/lock.rb:17:in `call'
  rack (1.6.4) lib/rack/content_length.rb:15:in `call'
  rack (1.6.4) lib/rack/handler/webrick.rb:88:in `service'
  /usr/lib/ruby/2.2.0/webrick/httpserver.rb:138:in `service'
  /usr/lib/ruby/2.2.0/webrick/httpserver.rb:94:in `run'
  /usr/lib/ruby/2.2.0/webrick/server.rb:294:in `block in start_thread'


  Rendered /var/lib/gems/2.2.0/gems/actionpack-4.2.4/lib/action_dispatch/middleware/templates/rescues/_trace.html.erb (1.5ms)
  Rendered /var/lib/gems/2.2.0/gems/actionpack-4.2.4/lib/action_dispatch/middleware/templates/routes/_route.html.erb (0.9ms)
  Rendered /var/lib/gems/2.2.0/gems/actionpack-4.2.4/lib/action_dispatch/middleware/templates/routes/_table.html.erb (52.1ms)
  Rendered /var/lib/gems/2.2.0/gems/actionpack-4.2.4/lib/action_dispatch/middleware/templates/rescues/_request_and_response.html.erb (3.5ms)
  Rendered /var/lib/gems/2.2.0/gems/actionpack-4.2.4/lib/action_dispatch/middleware/templates/rescues/routing_error.html.erb within rescues/layout (78.7ms)
  Rendered /var/lib/gems/2.2.0/gems/web-console-2.3.0/lib/web_console/templates/_markup.html.erb (0.3ms)
  Rendered /var/lib/gems/2.2.0/gems/web-console-2.3.0/lib/web_console/templates/_inner_console_markup.html.erb within layouts/inlined_string (0.4ms)
  Rendered /var/lib/gems/2.2.0/gems/web-console-2.3.0/lib/web_console/templates/_prompt_box_markup.html.erb within layouts/inlined_string (0.2ms)
  Rendered /var/lib/gems/2.2.0/gems/web-console-2.3.0/lib/web_console/templates/style.css.erb within layouts/inlined_string (0.4ms)
  Rendered /var/lib/gems/2.2.0/gems/web-console-2.3.0/lib/web_console/templates/console.js.erb within layouts/javascript (18.6ms)
  Rendered /var/lib/gems/2.2.0/gems/web-console-2.3.0/lib/web_console/templates/main.js.erb within layouts/javascript (0.8ms)
  Rendered /var/lib/gems/2.2.0/gems/web-console-2.3.0/lib/web_console/templates/error_page.js.erb within layouts/javascript (0.4ms)
  Rendered /var/lib/gems/2.2.0/gems/web-console-2.3.0/lib/web_console/templates/index.html.erb (33.3ms)


Started GET "/users/new" for 127.0.0.1 at 2016-03-28 20:18:59 -0300

ActionController::RoutingError (No route matches [GET] "/users/new"):
  actionpack (4.2.4) lib/action_dispatch/middleware/debug_exceptions.rb:21:in `call'
  web-console (2.3.0) lib/web_console/middleware.rb:28:in `block in call'
  web-console (2.3.0) lib/web_console/middleware.rb:18:in `catch'
  web-console (2.3.0) lib/web_console/middleware.rb:18:in `call'
  actionpack (4.2.4) lib/action_dispatch/middleware/show_exceptions.rb:30:in `call'
  railties (4.2.4) lib/rails/rack/logger.rb:38:in `call_app'
  railties (4.2.4) lib/rails/rack/logger.rb:20:in `block in call'
  activesupport (4.2.4) lib/active_support/tagged_logging.rb:68:in `block in tagged'
  activesupport (4.2.4) lib/active_support/tagged_logging.rb:26:in `tagged'
  activesupport (4.2.4) lib/active_support/tagged_logging.rb:68:in `tagged'
  railties (4.2.4) lib/rails/rack/logger.rb:20:in `call'
  actionpack (4.2.4) lib/action_dispatch/middleware/request_id.rb:21:in `call'
  rack (1.6.4) lib/rack/methodoverride.rb:22:in `call'
  rack (1.6.4) lib/rack/runtime.rb:18:in `call'
  activesupport (4.2.4) lib/active_support/cache/strategy/local_cache_middleware.rb:28:in `call'
  rack (1.6.4) lib/rack/lock.rb:17:in `call'
  actionpack (4.2.4) lib/action_dispatch/middleware/static.rb:116:in `call'
  rack (1.6.4) lib/rack/sendfile.rb:113:in `call'
  railties (4.2.4) lib/rails/engine.rb:518:in `call'
  railties (4.2.4) lib/rails/application.rb:165:in `call'
  rack (1.6.4) lib/rack/lock.rb:17:in `call'
  rack (1.6.4) lib/rack/content_length.rb:15:in `call'
  rack (1.6.4) lib/rack/handler/webrick.rb:88:in `service'
  /usr/lib/ruby/2.2.0/webrick/httpserver.rb:138:in `service'
  /usr/lib/ruby/2.2.0/webrick/httpserver.rb:94:in `run'
  /usr/lib/ruby/2.2.0/webrick/server.rb:294:in `block in start_thread'


  Rendered /var/lib/gems/2.2.0/gems/actionpack-4.2.4/lib/action_dispatch/middleware/templates/rescues/_trace.html.erb (1.5ms)
  Rendered /var/lib/gems/2.2.0/gems/actionpack-4.2.4/lib/action_dispatch/middleware/templates/routes/_route.html.erb (1.7ms)
  Rendered /var/lib/gems/2.2.0/gems/actionpack-4.2.4/lib/action_dispatch/middleware/templates/routes/_table.html.erb (1.1ms)
  Rendered /var/lib/gems/2.2.0/gems/actionpack-4.2.4/lib/action_dispatch/middleware/templates/rescues/_request_and_response.html.erb (1.3ms)
  Rendered /var/lib/gems/2.2.0/gems/actionpack-4.2.4/lib/action_dispatch/middleware/templates/rescues/routing_error.html.erb within rescues/layout (21.9ms)
  Rendered /var/lib/gems/2.2.0/gems/web-console-2.3.0/lib/web_console/templates/_markup.html.erb (0.3ms)
  Rendered /var/lib/gems/2.2.0/gems/web-console-2.3.0/lib/web_console/templates/_inner_console_markup.html.erb within layouts/inlined_string (0.5ms)
  Rendered /var/lib/gems/2.2.0/gems/web-console-2.3.0/lib/web_console/templates/_prompt_box_markup.html.erb within layouts/inlined_string (0.5ms)
  Rendered /var/lib/gems/2.2.0/gems/web-console-2.3.0/lib/web_console/templates/style.css.erb within layouts/inlined_string (0.4ms)
  Rendered /var/lib/gems/2.2.0/gems/web-console-2.3.0/lib/web_console/templates/console.js.erb within layouts/javascript (15.3ms)
  Rendered /var/lib/gems/2.2.0/gems/web-console-2.3.0/lib/web_console/templates/main.js.erb within layouts/javascript (0.2ms)
  Rendered /var/lib/gems/2.2.0/gems/web-console-2.3.0/lib/web_console/templates/error_page.js.erb within layouts/javascript (0.3ms)
  Rendered /var/lib/gems/2.2.0/gems/web-console-2.3.0/lib/web_console/templates/index.html.erb (27.9ms)


Started GET "/users/new" for 127.0.0.1 at 2016-03-28 20:19:11 -0300
Processing by UsersController#new as HTML
Completed 500 Internal Server Error in 2ms (ActiveRecord: 0.0ms)

ActionView::MissingTemplate (Missing template users/new, application/new with {:locale=>[:en], :formats=>[:html], :variants=>[], :handlers=>[:erb, :builder, :raw, :ruby, :coffee, :jbuilder]}. Searched in:
  * "/var/www/html/colchonet/app/views"
):
  actionview (4.2.4) lib/action_view/path_set.rb:46:in `find'
  actionview (4.2.4) lib/action_view/lookup_context.rb:121:in `find'
  actionview (4.2.4) lib/action_view/renderer/abstract_renderer.rb:18:in `find_template'
  actionview (4.2.4) lib/action_view/renderer/template_renderer.rb:40:in `determine_template'
  actionview (4.2.4) lib/action_view/renderer/template_renderer.rb:8:in `render'
  actionview (4.2.4) lib/action_view/renderer/renderer.rb:42:in `render_template'
  actionview (4.2.4) lib/action_view/renderer/renderer.rb:23:in `render'
  actionview (4.2.4) lib/action_view/rendering.rb:100:in `_render_template'
  actionpack (4.2.4) lib/action_controller/metal/streaming.rb:217:in `_render_template'
  actionview (4.2.4) lib/action_view/rendering.rb:83:in `render_to_body'
  actionpack (4.2.4) lib/action_controller/metal/rendering.rb:32:in `render_to_body'
  actionpack (4.2.4) lib/action_controller/metal/renderers.rb:37:in `render_to_body'
  actionpack (4.2.4) lib/abstract_controller/rendering.rb:25:in `render'
  actionpack (4.2.4) lib/action_controller/metal/rendering.rb:16:in `render'
  actionpack (4.2.4) lib/action_controller/metal/instrumentation.rb:44:in `block (2 levels) in render'
  activesupport (4.2.4) lib/active_support/core_ext/benchmark.rb:12:in `block in ms'
  /usr/lib/ruby/2.2.0/benchmark.rb:303:in `realtime'
  activesupport (4.2.4) lib/active_support/core_ext/benchmark.rb:12:in `ms'
  actionpack (4.2.4) lib/action_controller/metal/instrumentation.rb:44:in `block in render'
  actionpack (4.2.4) lib/action_controller/metal/instrumentation.rb:87:in `cleanup_view_runtime'
  activerecord (4.2.4) lib/active_record/railties/controller_runtime.rb:25:in `cleanup_view_runtime'
  actionpack (4.2.4) lib/action_controller/metal/instrumentation.rb:43:in `render'
  actionpack (4.2.4) lib/action_controller/metal/implicit_render.rb:10:in `default_render'
  actionpack (4.2.4) lib/action_controller/metal/implicit_render.rb:5:in `send_action'
  actionpack (4.2.4) lib/abstract_controller/base.rb:198:in `process_action'
  actionpack (4.2.4) lib/action_controller/metal/rendering.rb:10:in `process_action'
  actionpack (4.2.4) lib/abstract_controller/callbacks.rb:20:in `block in process_action'
  activesupport (4.2.4) lib/active_support/callbacks.rb:117:in `call'
  activesupport (4.2.4) lib/active_support/callbacks.rb:117:in `call'
  activesupport (4.2.4) lib/active_support/callbacks.rb:555:in `block (2 levels) in compile'
  activesupport (4.2.4) lib/active_support/callbacks.rb:505:in `call'
  activesupport (4.2.4) lib/active_support/callbacks.rb:505:in `call'
  activesupport (4.2.4) lib/active_support/callbacks.rb:92:in `__run_callbacks__'
  activesupport (4.2.4) lib/active_support/callbacks.rb:778:in `_run_process_action_callbacks'
  activesupport (4.2.4) lib/active_support/callbacks.rb:81:in `run_callbacks'
  actionpack (4.2.4) lib/abstract_controller/callbacks.rb:19:in `process_action'
  actionpack (4.2.4) lib/action_controller/metal/rescue.rb:29:in `process_action'
  actionpack (4.2.4) lib/action_controller/metal/instrumentation.rb:32:in `block in process_action'
  activesupport (4.2.4) lib/active_support/notifications.rb:164:in `block in instrument'
  activesupport (4.2.4) lib/active_support/notifications/instrumenter.rb:20:in `instrument'
  activesupport (4.2.4) lib/active_support/notifications.rb:164:in `instrument'
  actionpack (4.2.4) lib/action_controller/metal/instrumentation.rb:30:in `process_action'
  actionpack (4.2.4) lib/action_controller/metal/params_wrapper.rb:250:in `process_action'
  activerecord (4.2.4) lib/active_record/railties/controller_runtime.rb:18:in `process_action'
  actionpack (4.2.4) lib/abstract_controller/base.rb:137:in `process'
  actionview (4.2.4) lib/action_view/rendering.rb:30:in `process'
  actionpack (4.2.4) lib/action_controller/metal.rb:196:in `dispatch'
  actionpack (4.2.4) lib/action_controller/metal/rack_delegation.rb:13:in `dispatch'
  actionpack (4.2.4) lib/action_controller/metal.rb:237:in `block in action'
  actionpack (4.2.4) lib/action_dispatch/routing/route_set.rb:76:in `call'
  actionpack (4.2.4) lib/action_dispatch/routing/route_set.rb:76:in `dispatch'
  actionpack (4.2.4) lib/action_dispatch/routing/route_set.rb:45:in `serve'
  actionpack (4.2.4) lib/action_dispatch/journey/router.rb:43:in `block in serve'
  actionpack (4.2.4) lib/action_dispatch/journey/router.rb:30:in `each'
  actionpack (4.2.4) lib/action_dispatch/journey/router.rb:30:in `serve'
  actionpack (4.2.4) lib/action_dispatch/routing/route_set.rb:821:in `call'
  rack (1.6.4) lib/rack/etag.rb:24:in `call'
  rack (1.6.4) lib/rack/conditionalget.rb:25:in `call'
  rack (1.6.4) lib/rack/head.rb:13:in `call'
  actionpack (4.2.4) lib/action_dispatch/middleware/params_parser.rb:27:in `call'
  actionpack (4.2.4) lib/action_dispatch/middleware/flash.rb:260:in `call'
  rack (1.6.4) lib/rack/session/abstract/id.rb:225:in `context'
  rack (1.6.4) lib/rack/session/abstract/id.rb:220:in `call'
  actionpack (4.2.4) lib/action_dispatch/middleware/cookies.rb:560:in `call'
  activerecord (4.2.4) lib/active_record/query_cache.rb:36:in `call'
  activerecord (4.2.4) lib/active_record/connection_adapters/abstract/connection_pool.rb:653:in `call'
  activerecord (4.2.4) lib/active_record/migration.rb:377:in `call'
  actionpack (4.2.4) lib/action_dispatch/middleware/callbacks.rb:29:in `block in call'
  activesupport (4.2.4) lib/active_support/callbacks.rb:88:in `__run_callbacks__'
  activesupport (4.2.4) lib/active_support/callbacks.rb:778:in `_run_call_callbacks'
  activesupport (4.2.4) lib/active_support/callbacks.rb:81:in `run_callbacks'
  actionpack (4.2.4) lib/action_dispatch/middleware/callbacks.rb:27:in `call'
  actionpack (4.2.4) lib/action_dispatch/middleware/reloader.rb:73:in `call'
  actionpack (4.2.4) lib/action_dispatch/middleware/remote_ip.rb:78:in `call'
  actionpack (4.2.4) lib/action_dispatch/middleware/debug_exceptions.rb:17:in `call'
  web-console (2.3.0) lib/web_console/middleware.rb:28:in `block in call'
  web-console (2.3.0) lib/web_console/middleware.rb:18:in `catch'
  web-console (2.3.0) lib/web_console/middleware.rb:18:in `call'
  actionpack (4.2.4) lib/action_dispatch/middleware/show_exceptions.rb:30:in `call'
  railties (4.2.4) lib/rails/rack/logger.rb:38:in `call_app'
  railties (4.2.4) lib/rails/rack/logger.rb:20:in `block in call'
  activesupport (4.2.4) lib/active_support/tagged_logging.rb:68:in `block in tagged'
  activesupport (4.2.4) lib/active_support/tagged_logging.rb:26:in `tagged'
  activesupport (4.2.4) lib/active_support/tagged_logging.rb:68:in `tagged'
  railties (4.2.4) lib/rails/rack/logger.rb:20:in `call'
  actionpack (4.2.4) lib/action_dispatch/middleware/request_id.rb:21:in `call'
  rack (1.6.4) lib/rack/methodoverride.rb:22:in `call'
  rack (1.6.4) lib/rack/runtime.rb:18:in `call'
  activesupport (4.2.4) lib/active_support/cache/strategy/local_cache_middleware.rb:28:in `call'
  rack (1.6.4) lib/rack/lock.rb:17:in `call'
  actionpack (4.2.4) lib/action_dispatch/middleware/static.rb:116:in `call'
  rack (1.6.4) lib/rack/sendfile.rb:113:in `call'
  railties (4.2.4) lib/rails/engine.rb:518:in `call'
  railties (4.2.4) lib/rails/application.rb:165:in `call'
  rack (1.6.4) lib/rack/lock.rb:17:in `call'
  rack (1.6.4) lib/rack/content_length.rb:15:in `call'
  rack (1.6.4) lib/rack/handler/webrick.rb:88:in `service'
  /usr/lib/ruby/2.2.0/webrick/httpserver.rb:138:in `service'
  /usr/lib/ruby/2.2.0/webrick/httpserver.rb:94:in `run'
  /usr/lib/ruby/2.2.0/webrick/server.rb:294:in `block in start_thread'


  Rendered /var/lib/gems/2.2.0/gems/actionpack-4.2.4/lib/action_dispatch/middleware/templates/rescues/_source.erb (5.0ms)
  Rendered /var/lib/gems/2.2.0/gems/actionpack-4.2.4/lib/action_dispatch/middleware/templates/rescues/_trace.html.erb (2.1ms)
  Rendered /var/lib/gems/2.2.0/gems/actionpack-4.2.4/lib/action_dispatch/middleware/templates/rescues/_request_and_response.html.erb (0.8ms)
  Rendered /var/lib/gems/2.2.0/gems/actionpack-4.2.4/lib/action_dispatch/middleware/templates/rescues/missing_template.html.erb within rescues/layout (19.7ms)
  Rendered /var/lib/gems/2.2.0/gems/web-console-2.3.0/lib/web_console/templates/_markup.html.erb (0.8ms)
  Rendered /var/lib/gems/2.2.0/gems/web-console-2.3.0/lib/web_console/templates/_inner_console_markup.html.erb within layouts/inlined_string (0.4ms)
  Rendered /var/lib/gems/2.2.0/gems/web-console-2.3.0/lib/web_console/templates/_prompt_box_markup.html.erb within layouts/inlined_string (0.3ms)
  Rendered /var/lib/gems/2.2.0/gems/web-console-2.3.0/lib/web_console/templates/style.css.erb within layouts/inlined_string (0.2ms)
  Rendered /var/lib/gems/2.2.0/gems/web-console-2.3.0/lib/web_console/templates/console.js.erb within layouts/javascript (14.4ms)
  Rendered /var/lib/gems/2.2.0/gems/web-console-2.3.0/lib/web_console/templates/main.js.erb within layouts/javascript (0.2ms)
  Rendered /var/lib/gems/2.2.0/gems/web-console-2.3.0/lib/web_console/templates/error_page.js.erb within layouts/javascript (0.3ms)
  Rendered /var/lib/gems/2.2.0/gems/web-console-2.3.0/lib/web_console/templates/index.html.erb (28.5ms)


Started GET "/users/new" for 127.0.0.1 at 2016-03-28 20:26:11 -0300
Processing by UsersController#new as HTML
  Rendered users/new.html.erb within layouts/application (0.4ms)
Completed 200 OK in 310ms (Views: 308.4ms | ActiveRecord: 0.0ms)


Started GET "/users/new" for 127.0.0.1 at 2016-03-28 20:26:40 -0300
Processing by UsersController#new as HTML
  Rendered users/new.html.erb within layouts/application (2.3ms)
Completed 200 OK in 31ms (Views: 29.5ms | ActiveRecord: 0.0ms)


Started GET "/users/new" for 127.0.0.1 at 2016-03-28 20:31:34 -0300
Processing by UsersController#new as HTML
  Rendered users/new.html.erb within layouts/application (39.2ms)
Completed 200 OK in 70ms (Views: 63.8ms | ActiveRecord: 0.4ms)


Started POST "/users" for 127.0.0.1 at 2016-03-28 21:16:11 -0300
Processing by UsersController#create as HTML
  Parameters: {"utf8"=>"✓", "authenticity_token"=>"+q+WhA2IPGRGnm3/TGBvDPU3bkjf9QNEPEf7vql+9y7khTa6oR+08HwyKzS/7sXemZTRUvTqW5zX9MhDdp2DOg==", "user"=>{"full_name"=>"Joel", "location"=>"Goval", "email"=>"joel.garciajr84@gmail.com", "password"=>"[FILTERED]", "password_confirmation"=>"[FILTERED]", "bio"=>"bio"}, "commit"=>"Create User"}
Completed 500 Internal Server Error in 8ms (ActiveRecord: 0.5ms)

ActiveModel::ForbiddenAttributesError (ActiveModel::ForbiddenAttributesError):
  app/controllers/users_controller.rb:7:in `create'


  Rendered /var/lib/gems/2.2.0/gems/actionpack-4.2.4/lib/action_dispatch/middleware/templates/rescues/_source.erb (3.7ms)
  Rendered /var/lib/gems/2.2.0/gems/actionpack-4.2.4/lib/action_dispatch/middleware/templates/rescues/_trace.html.erb (1.8ms)
  Rendered /var/lib/gems/2.2.0/gems/actionpack-4.2.4/lib/action_dispatch/middleware/templates/rescues/_request_and_response.html.erb (1.3ms)
  Rendered /var/lib/gems/2.2.0/gems/actionpack-4.2.4/lib/action_dispatch/middleware/templates/rescues/diagnostics.html.erb within rescues/layout (18.6ms)
  Rendered /var/lib/gems/2.2.0/gems/web-console-2.3.0/lib/web_console/templates/_markup.html.erb (0.3ms)
  Rendered /var/lib/gems/2.2.0/gems/web-console-2.3.0/lib/web_console/templates/_inner_console_markup.html.erb within layouts/inlined_string (0.3ms)
  Rendered /var/lib/gems/2.2.0/gems/web-console-2.3.0/lib/web_console/templates/_prompt_box_markup.html.erb within layouts/inlined_string (0.3ms)
  Rendered /var/lib/gems/2.2.0/gems/web-console-2.3.0/lib/web_console/templates/style.css.erb within layouts/inlined_string (0.3ms)
  Rendered /var/lib/gems/2.2.0/gems/web-console-2.3.0/lib/web_console/templates/console.js.erb within layouts/javascript (14.0ms)
  Rendered /var/lib/gems/2.2.0/gems/web-console-2.3.0/lib/web_console/templates/main.js.erb within layouts/javascript (0.2ms)
  Rendered /var/lib/gems/2.2.0/gems/web-console-2.3.0/lib/web_console/templates/error_page.js.erb within layouts/javascript (0.3ms)
  Rendered /var/lib/gems/2.2.0/gems/web-console-2.3.0/lib/web_console/templates/index.html.erb (26.7ms)


Started POST "/users" for 127.0.0.1 at 2016-03-28 21:24:20 -0300
Processing by UsersController#create as HTML
  Parameters: {"utf8"=>"✓", "authenticity_token"=>"+q+WhA2IPGRGnm3/TGBvDPU3bkjf9QNEPEf7vql+9y7khTa6oR+08HwyKzS/7sXemZTRUvTqW5zX9MhDdp2DOg==", "user"=>{"full_name"=>"Joel", "location"=>"Goval", "email"=>"joel.garciajr84@gmail.com", "password"=>"[FILTERED]", "password_confirmation"=>"[FILTERED]", "bio"=>"bio"}, "commit"=>"Create User"}
  [1m[35m (0.1ms)[0m  begin transaction
  [1m[36mUser Exists (0.1ms)[0m  [1mSELECT  1 AS one FROM "users" WHERE "users"."email" = 'joel.garciajr84@gmail.com' LIMIT 1[0m
  [1m[35m (0.0ms)[0m  rollback transaction
  Rendered users/new.html.erb within layouts/application (2.7ms)
Completed 200 OK in 130ms (Views: 56.2ms | ActiveRecord: 0.7ms)


Started POST "/users" for 127.0.0.1 at 2016-03-28 21:24:31 -0300
Processing by UsersController#create as HTML
  Parameters: {"utf8"=>"✓", "authenticity_token"=>"SHraiCJq1M9ei62KoHgm71YfIBkv2jvyDHpcD74MDuRWUHq2jv1cW2Qn60FT9ow9OryfAwTFYyrnyW/yYe968A==", "user"=>{"full_name"=>"Joel", "location"=>"Goval", "email"=>"joel.garciajr84@gmail.com", "password"=>"[FILTERED]", "password_confirmation"=>"[FILTERED]", "bio"=>"biojshjshsjhsjhsjhsjshjshsjhs"}, "commit"=>"Create User"}
  [1m[36m (0.1ms)[0m  [1mbegin transaction[0m
  [1m[35mUser Exists (0.3ms)[0m  SELECT  1 AS one FROM "users" WHERE "users"."email" = 'joel.garciajr84@gmail.com' LIMIT 1
  [1m[36m (0.2ms)[0m  [1mrollback transaction[0m
  Rendered users/new.html.erb within layouts/application (6.5ms)
Completed 200 OK in 34ms (Views: 26.7ms | ActiveRecord: 0.5ms)


Started POST "/users" for 127.0.0.1 at 2016-03-28 21:24:37 -0300
Processing by UsersController#create as HTML
  Parameters: {"utf8"=>"✓", "authenticity_token"=>"CXxtyJ1ZwNGBCHKP+InNK0AhRgAahYUX3hkG0bl1MWgXVs32Mc5IRbukNEQLB2f5LIL5GjGa3c81qjUsZpZFfA==", "user"=>{"full_name"=>"Joel", "location"=>"Goval", "email"=>"joel.garciajr84@gmail.com", "password"=>"[FILTERED]", "password_confirmation"=>"[FILTERED]", "bio"=>"biojshjshshjshjshsjhsjhsjhsjhsjshjshjshsjhsjhsjhsjshjshsjhs"}, "commit"=>"Create User"}
  [1m[35m (0.1ms)[0m  begin transaction
  [1m[36mUser Exists (0.1ms)[0m  [1mSELECT  1 AS one FROM "users" WHERE "users"."email" = 'joel.garciajr84@gmail.com' LIMIT 1[0m
  [1m[35m (0.0ms)[0m  rollback transaction
  Rendered users/new.html.erb within layouts/application (2.5ms)
Completed 200 OK in 26ms (Views: 22.9ms | ActiveRecord: 0.2ms)


Started POST "/users" for 127.0.0.1 at 2016-03-28 21:24:42 -0300
Processing by UsersController#create as HTML
  Parameters: {"utf8"=>"✓", "authenticity_token"=>"XzTIu6ZIi1pZmreVsI6EylnKLYwv4nIyTNOdT3N7SLBBHmiFCt8DzmM28V5DAC4YNWmSlgT9KuqnYK6yrJg8pA==", "user"=>{"full_name"=>"Joel", "location"=>"Goval", "email"=>"joel.garciajr84@gmail.com", "password"=>"[FILTERED]", "password_confirmation"=>"[FILTERED]", "bio"=>"biojshjshshjshjshsjhsjhsjhsjhsjshjshjshsjhsjhsjhsjshjshsjhs"}, "commit"=>"Create User"}
  [1m[36m (0.2ms)[0m  [1mbegin transaction[0m
  [1m[35mUser Exists (0.2ms)[0m  SELECT  1 AS one FROM "users" WHERE "users"."email" = 'joel.garciajr84@gmail.com' LIMIT 1
  [1m[36mSQL (0.7ms)[0m  [1mINSERT INTO "users" ("email", "full_name", "location", "password", "bio", "created_at", "updated_at") VALUES (?, ?, ?, ?, ?, ?, ?)[0m  [["email", "joel.garciajr84@gmail.com"], ["full_name", "Joel"], ["location", "Goval"], ["password", "teste"], ["bio", "biojshjshshjshjshsjhsjhsjhsjhsjshjshjshsjhsjhsjhsjshjshsjhs"], ["created_at", "2016-03-29 00:24:42.823725"], ["updated_at", "2016-03-29 00:24:42.823725"]]
  [1m[35m (121.1ms)[0m  commit transaction
Redirected to http://localhost:3000/users/3
Completed 302 Found in 131ms (ActiveRecord: 122.3ms)


Started GET "/users/3" for 127.0.0.1 at 2016-03-28 21:24:42 -0300

AbstractController::ActionNotFound (The action 'show' could not be found for UsersController):
  actionpack (4.2.4) lib/abstract_controller/base.rb:132:in `process'
  actionview (4.2.4) lib/action_view/rendering.rb:30:in `process'
  actionpack (4.2.4) lib/action_controller/metal.rb:196:in `dispatch'
  actionpack (4.2.4) lib/action_controller/metal/rack_delegation.rb:13:in `dispatch'
  actionpack (4.2.4) lib/action_controller/metal.rb:237:in `block in action'
  actionpack (4.2.4) lib/action_dispatch/routing/route_set.rb:76:in `call'
  actionpack (4.2.4) lib/action_dispatch/routing/route_set.rb:76:in `dispatch'
  actionpack (4.2.4) lib/action_dispatch/routing/route_set.rb:45:in `serve'
  actionpack (4.2.4) lib/action_dispatch/journey/router.rb:43:in `block in serve'
  actionpack (4.2.4) lib/action_dispatch/journey/router.rb:30:in `each'
  actionpack (4.2.4) lib/action_dispatch/journey/router.rb:30:in `serve'
  actionpack (4.2.4) lib/action_dispatch/routing/route_set.rb:821:in `call'
  rack (1.6.4) lib/rack/etag.rb:24:in `call'
  rack (1.6.4) lib/rack/conditionalget.rb:25:in `call'
  rack (1.6.4) lib/rack/head.rb:13:in `call'
  actionpack (4.2.4) lib/action_dispatch/middleware/params_parser.rb:27:in `call'
  actionpack (4.2.4) lib/action_dispatch/middleware/flash.rb:260:in `call'
  rack (1.6.4) lib/rack/session/abstract/id.rb:225:in `context'
  rack (1.6.4) lib/rack/session/abstract/id.rb:220:in `call'
  actionpack (4.2.4) lib/action_dispatch/middleware/cookies.rb:560:in `call'
  activerecord (4.2.4) lib/active_record/query_cache.rb:36:in `call'
  activerecord (4.2.4) lib/active_record/connection_adapters/abstract/connection_pool.rb:653:in `call'
  activerecord (4.2.4) lib/active_record/migration.rb:377:in `call'
  actionpack (4.2.4) lib/action_dispatch/middleware/callbacks.rb:29:in `block in call'
  activesupport (4.2.4) lib/active_support/callbacks.rb:88:in `__run_callbacks__'
  activesupport (4.2.4) lib/active_support/callbacks.rb:778:in `_run_call_callbacks'
  activesupport (4.2.4) lib/active_support/callbacks.rb:81:in `run_callbacks'
  actionpack (4.2.4) lib/action_dispatch/middleware/callbacks.rb:27:in `call'
  actionpack (4.2.4) lib/action_dispatch/middleware/reloader.rb:73:in `call'
  actionpack (4.2.4) lib/action_dispatch/middleware/remote_ip.rb:78:in `call'
  actionpack (4.2.4) lib/action_dispatch/middleware/debug_exceptions.rb:17:in `call'
  web-console (2.3.0) lib/web_console/middleware.rb:28:in `block in call'
  web-console (2.3.0) lib/web_console/middleware.rb:18:in `catch'
  web-console (2.3.0) lib/web_console/middleware.rb:18:in `call'
  actionpack (4.2.4) lib/action_dispatch/middleware/show_exceptions.rb:30:in `call'
  railties (4.2.4) lib/rails/rack/logger.rb:38:in `call_app'
  railties (4.2.4) lib/rails/rack/logger.rb:20:in `block in call'
  activesupport (4.2.4) lib/active_support/tagged_logging.rb:68:in `block in tagged'
  activesupport (4.2.4) lib/active_support/tagged_logging.rb:26:in `tagged'
  activesupport (4.2.4) lib/active_support/tagged_logging.rb:68:in `tagged'
  railties (4.2.4) lib/rails/rack/logger.rb:20:in `call'
  actionpack (4.2.4) lib/action_dispatch/middleware/request_id.rb:21:in `call'
  rack (1.6.4) lib/rack/methodoverride.rb:22:in `call'
  rack (1.6.4) lib/rack/runtime.rb:18:in `call'
  activesupport (4.2.4) lib/active_support/cache/strategy/local_cache_middleware.rb:28:in `call'
  rack (1.6.4) lib/rack/lock.rb:17:in `call'
  actionpack (4.2.4) lib/action_dispatch/middleware/static.rb:116:in `call'
  rack (1.6.4) lib/rack/sendfile.rb:113:in `call'
  railties (4.2.4) lib/rails/engine.rb:518:in `call'
  railties (4.2.4) lib/rails/application.rb:165:in `call'
  rack (1.6.4) lib/rack/lock.rb:17:in `call'
  rack (1.6.4) lib/rack/content_length.rb:15:in `call'
  rack (1.6.4) lib/rack/handler/webrick.rb:88:in `service'
  /usr/lib/ruby/2.2.0/webrick/httpserver.rb:138:in `service'
  /usr/lib/ruby/2.2.0/webrick/httpserver.rb:94:in `run'
  /usr/lib/ruby/2.2.0/webrick/server.rb:294:in `block in start_thread'


  Rendered /var/lib/gems/2.2.0/gems/actionpack-4.2.4/lib/action_dispatch/middleware/templates/rescues/unknown_action.html.erb within rescues/layout (0.4ms)
  Rendered /var/lib/gems/2.2.0/gems/web-console-2.3.0/lib/web_console/templates/_markup.html.erb (0.3ms)
  Rendered /var/lib/gems/2.2.0/gems/web-console-2.3.0/lib/web_console/templates/_inner_console_markup.html.erb within layouts/inlined_string (0.4ms)
  Rendered /var/lib/gems/2.2.0/gems/web-console-2.3.0/lib/web_console/templates/_prompt_box_markup.html.erb within layouts/inlined_string (0.2ms)
  Rendered /var/lib/gems/2.2.0/gems/web-console-2.3.0/lib/web_console/templates/style.css.erb within layouts/inlined_string (0.2ms)
  Rendered /var/lib/gems/2.2.0/gems/web-console-2.3.0/lib/web_console/templates/console.js.erb within layouts/javascript (13.8ms)
  Rendered /var/lib/gems/2.2.0/gems/web-console-2.3.0/lib/web_console/templates/main.js.erb within layouts/javascript (0.3ms)
  Rendered /var/lib/gems/2.2.0/gems/web-console-2.3.0/lib/web_console/templates/error_page.js.erb within layouts/javascript (1.0ms)
  Rendered /var/lib/gems/2.2.0/gems/web-console-2.3.0/lib/web_console/templates/index.html.erb (29.5ms)
